{"timestamp":"2025-08-04T15:43:38.557328","level":"info","event":"DAG bundles loaded: dags-folder","logger":"airflow.dag_processing.bundles.manager.DagBundlesManager"}
{"timestamp":"2025-08-04T15:43:38.558514","level":"info","event":"Filling up the DagBag from /opt/airflow/dags/dag_ml_monitoring.py","logger":"airflow.models.dagbag.DagBag"}
{"timestamp":"2025-08-04T15:43:43.065033","level":"info","event":"Tmp dir root location: /tmp","logger":"airflow.task.hooks.airflow.providers.standard.hooks.subprocess.SubprocessHook"}
{"timestamp":"2025-08-04T15:43:43.074209","level":"info","event":"Running command: ['/usr/bin/bash', '-c', 'python3 /opt/airflow/src/pipeline/monitor_drift.py']","logger":"airflow.task.hooks.airflow.providers.standard.hooks.subprocess.SubprocessHook"}
{"timestamp":"2025-08-04T15:43:43.140617","level":"info","event":"Output:","logger":"airflow.task.hooks.airflow.providers.standard.hooks.subprocess.SubprocessHook"}
{"timestamp":"2025-08-04T15:43:46.546039","level":"info","event":"/opt/airflow/src/pipeline/monitor_drift.py:96: DeprecationWarning:","logger":"airflow.task.hooks.airflow.providers.standard.hooks.subprocess.SubprocessHook"}
{"timestamp":"2025-08-04T15:43:46.547527","level":"info","event":"","logger":"airflow.task.hooks.airflow.providers.standard.hooks.subprocess.SubprocessHook"}
{"timestamp":"2025-08-04T15:43:46.547707","level":"info","event":"datetime.datetime.utcnow() is deprecated and scheduled for removal in a future version. Use timezone-aware objects to represent datetimes in UTC: datetime.datetime.now(datetime.UTC).","logger":"airflow.task.hooks.airflow.providers.standard.hooks.subprocess.SubprocessHook"}
{"timestamp":"2025-08-04T15:43:46.547921","level":"info","event":"","logger":"airflow.task.hooks.airflow.providers.standard.hooks.subprocess.SubprocessHook"}
{"timestamp":"2025-08-04T15:43:46.548029","level":"info","event":"2025-08-04 15:43:46,537 - INFO - Saving report to database...","logger":"airflow.task.hooks.airflow.providers.standard.hooks.subprocess.SubprocessHook"}
{"timestamp":"2025-08-04T15:43:46.548208","level":"info","event":"2025-08-04 15:43:46,537 - INFO - Preparing database and ensuring table exists...","logger":"airflow.task.hooks.airflow.providers.standard.hooks.subprocess.SubprocessHook"}
{"timestamp":"2025-08-04T15:43:46.548334","level":"info","event":"2025-08-04 15:43:46,537 - INFO - Connecting to PostgreSQL DB...","logger":"airflow.task.hooks.airflow.providers.standard.hooks.subprocess.SubprocessHook"}
{"timestamp":"2025-08-04T15:43:46.577893","level":"info","event":"2025-08-04 15:43:46,577 - INFO - Connecting to PostgreSQL DB...","logger":"airflow.task.hooks.airflow.providers.standard.hooks.subprocess.SubprocessHook"}
{"timestamp":"2025-08-04T15:43:46.582242","level":"info","event":"2025-08-04 15:43:46,581 - INFO - Table `evidently_reports_raw` is ready.","logger":"airflow.task.hooks.airflow.providers.standard.hooks.subprocess.SubprocessHook"}
{"timestamp":"2025-08-04T15:43:46.582360","level":"info","event":"2025-08-04 15:43:46,581 - INFO - Connecting to PostgreSQL DB...","logger":"airflow.task.hooks.airflow.providers.standard.hooks.subprocess.SubprocessHook"}
{"timestamp":"2025-08-04T15:43:46.606865","level":"info","event":"2025-08-04 15:43:46,606 - INFO - Connecting to PostgreSQL DB...","logger":"airflow.task.hooks.airflow.providers.standard.hooks.subprocess.SubprocessHook"}
{"timestamp":"2025-08-04T15:43:46.623215","level":"info","event":"2025-08-04 15:43:46,622 - INFO - Report successfully inserted into the database.","logger":"airflow.task.hooks.airflow.providers.standard.hooks.subprocess.SubprocessHook"}
{"timestamp":"2025-08-04T15:43:46.623405","level":"info","event":"                                 id  ...                  timestamp","logger":"airflow.task.hooks.airflow.providers.standard.hooks.subprocess.SubprocessHook"}
{"timestamp":"2025-08-04T15:43:46.623477","level":"info","event":"0  4be9c95ae27850bc8b787993119210c2  ... 2025-08-04 15:43:46.531112","logger":"airflow.task.hooks.airflow.providers.standard.hooks.subprocess.SubprocessHook"}
{"timestamp":"2025-08-04T15:43:46.623567","level":"info","event":"1  049c27bc468185396cb787867f5199b5  ... 2025-08-04 15:43:46.531112","logger":"airflow.task.hooks.airflow.providers.standard.hooks.subprocess.SubprocessHook"}
{"timestamp":"2025-08-04T15:43:46.623628","level":"info","event":"2  075aa40179baf93c90e71020d9236562  ... 2025-08-04 15:43:46.531112","logger":"airflow.task.hooks.airflow.providers.standard.hooks.subprocess.SubprocessHook"}
{"timestamp":"2025-08-04T15:43:46.623693","level":"info","event":"3  e5db9a8c42c37ff7250dcaf3ccc53721  ... 2025-08-04 15:43:46.531112","logger":"airflow.task.hooks.airflow.providers.standard.hooks.subprocess.SubprocessHook"}
{"timestamp":"2025-08-04T15:43:46.623771","level":"info","event":"4  933d7b59ea3e72d172859b0809e40122  ... 2025-08-04 15:43:46.531112","logger":"airflow.task.hooks.airflow.providers.standard.hooks.subprocess.SubprocessHook"}
{"timestamp":"2025-08-04T15:43:46.623834","level":"info","event":"","logger":"airflow.task.hooks.airflow.providers.standard.hooks.subprocess.SubprocessHook"}
{"timestamp":"2025-08-04T15:43:46.623902","level":"info","event":"[5 rows x 4 columns]","logger":"airflow.task.hooks.airflow.providers.standard.hooks.subprocess.SubprocessHook"}
{"timestamp":"2025-08-04T15:43:46.623977","level":"info","event":"{\"drift_detected\": true}","logger":"airflow.task.hooks.airflow.providers.standard.hooks.subprocess.SubprocessHook"}
{"timestamp":"2025-08-04T15:43:47.152104","level":"info","event":"Command exited with return code 0","logger":"airflow.task.hooks.airflow.providers.standard.hooks.subprocess.SubprocessHook"}
{"timestamp":"2025-08-04T15:43:47.158218","level":"info","event":"Pushing xcom","ti":"RuntimeTaskInstance(id=UUID('019875c0-ab9b-76ef-bb04-138560043671'), task_id='detect_drift', dag_id='drift_detection_dag', run_id='scheduled__2025-08-04T14:34:00+00:00', try_number=1, map_index=-1, hostname='55e626d89016', context_carrier=None, task=<Task(BashOperator): detect_drift>, bundle_instance=LocalDagBundle(name=dags-folder), max_tries=3, start_date=datetime.datetime(2025, 8, 4, 15, 43, 38, 148316, tzinfo=datetime.timezone.utc), end_date=None, state=<TaskInstanceState.RUNNING: 'running'>, is_mapped=False, rendered_map_index=None, log_url='http://localhost:8080/dags/drift_detection_dag/runs/scheduled__2025-08-04T14%3A34%3A00%2B00%3A00/tasks/detect_drift?try_number=1')","logger":"task"}
