{"timestamp":"2025-08-02T01:24:32.177463","level":"info","event":"DAG bundles loaded: dags-folder","logger":"airflow.dag_processing.bundles.manager.DagBundlesManager"}
{"timestamp":"2025-08-02T01:24:32.179097","level":"info","event":"Filling up the DagBag from /opt/airflow/dags/dag_ml_training.py","logger":"airflow.models.dagbag.DagBag"}
{"timestamp":"2025-08-02T01:24:32.250321","level":"info","event":"Tmp dir root location: /tmp","logger":"airflow.task.hooks.airflow.providers.standard.hooks.subprocess.SubprocessHook"}
{"timestamp":"2025-08-02T01:24:32.254589","level":"info","event":"Running command: ['/usr/bin/bash', '-c', 'python3 /opt/airflow/src/pipeline/train.py']","logger":"airflow.task.hooks.airflow.providers.standard.hooks.subprocess.SubprocessHook"}
{"timestamp":"2025-08-02T01:24:32.268063","level":"info","event":"Output:","logger":"airflow.task.hooks.airflow.providers.standard.hooks.subprocess.SubprocessHook"}
{"timestamp":"2025-08-02T01:24:40.145056","level":"info","event":"/home/airflow/.local/lib/python3.12/site-packages/sklearn/base.py:1363: DataConversionWarning: A column-vector y was passed when a 1d array was expected. Please change the shape of y to (n_samples,), for example using ravel().","logger":"airflow.task.hooks.airflow.providers.standard.hooks.subprocess.SubprocessHook"}
{"timestamp":"2025-08-02T01:24:40.145960","level":"info","event":"  return fit_method(estimator, *args, **kwargs)","logger":"airflow.task.hooks.airflow.providers.standard.hooks.subprocess.SubprocessHook"}
{"timestamp":"2025-08-02T01:24:42.721695","level":"info","event":"/home/airflow/.local/lib/python3.12/site-packages/mlflow/types/utils.py:452: UserWarning: Hint: Inferred schema contains integer column(s). Integer columns in Python cannot represent missing values. If your input data contains missing values at inference time, it will be encoded as floats and will cause a schema enforcement error. The best way to avoid this problem is to infer the model schema based on a realistic data sample (training dataset) that includes missing values. Alternatively, you can declare integer columns as doubles (float64) whenever these columns may have missing values. See `Handling Integers With Missing Values <https://www.mlflow.org/docs/latest/models.html#handling-integers-with-missing-values>`_ for more details.","logger":"airflow.task.hooks.airflow.providers.standard.hooks.subprocess.SubprocessHook"}
{"timestamp":"2025-08-02T01:24:42.722155","level":"info","event":"  warnings.warn(","logger":"airflow.task.hooks.airflow.providers.standard.hooks.subprocess.SubprocessHook"}
{"timestamp":"2025-08-02T01:24:42.736147","level":"info","event":"/home/airflow/.local/lib/python3.12/site-packages/mlflow/types/utils.py:452: UserWarning: Hint: Inferred schema contains integer column(s). Integer columns in Python cannot represent missing values. If your input data contains missing values at inference time, it will be encoded as floats and will cause a schema enforcement error. The best way to avoid this problem is to infer the model schema based on a realistic data sample (training dataset) that includes missing values. Alternatively, you can declare integer columns as doubles (float64) whenever these columns may have missing values. See `Handling Integers With Missing Values <https://www.mlflow.org/docs/latest/models.html#handling-integers-with-missing-values>`_ for more details.","logger":"airflow.task.hooks.airflow.providers.standard.hooks.subprocess.SubprocessHook"}
{"timestamp":"2025-08-02T01:24:42.736579","level":"info","event":"  warnings.warn(","logger":"airflow.task.hooks.airflow.providers.standard.hooks.subprocess.SubprocessHook"}
{"timestamp":"2025-08-02T01:25:32.481193","level":"info","event":"Registered model 'rf-classifier-reg-model' already exists. Creating a new version of this model...","logger":"airflow.task.hooks.airflow.providers.standard.hooks.subprocess.SubprocessHook"}
{"timestamp":"2025-08-02T01:25:37.681978","level":"info","event":"2025/08/02 01:25:37 INFO mlflow.store.model_registry.abstract_store: Waiting up to 300 seconds for model version to finish creation. Model name: rf-classifier-reg-model, version 9","logger":"airflow.task.hooks.airflow.providers.standard.hooks.subprocess.SubprocessHook"}
{"timestamp":"2025-08-02T01:25:37.683386","level":"info","event":"Created version '9' of model 'rf-classifier-reg-model'.","logger":"airflow.task.hooks.airflow.providers.standard.hooks.subprocess.SubprocessHook"}
{"timestamp":"2025-08-02T01:25:37.817952","level":"info","event":"File saved successfully to: /opt/airflow/src/pipeline/data/X.csv.","logger":"airflow.task.hooks.airflow.providers.standard.hooks.subprocess.SubprocessHook"}
{"timestamp":"2025-08-02T01:25:37.818087","level":"info","event":"File saved successfully to: /opt/airflow/src/pipeline/data/X_train.csv.","logger":"airflow.task.hooks.airflow.providers.standard.hooks.subprocess.SubprocessHook"}
{"timestamp":"2025-08-02T01:25:37.818165","level":"info","event":"File saved successfully to: /opt/airflow/src/pipeline/data/X_test.csv.","logger":"airflow.task.hooks.airflow.providers.standard.hooks.subprocess.SubprocessHook"}
{"timestamp":"2025-08-02T01:25:37.818238","level":"info","event":"File saved successfully to: /opt/airflow/src/pipeline/data/y_train.csv.","logger":"airflow.task.hooks.airflow.providers.standard.hooks.subprocess.SubprocessHook"}
{"timestamp":"2025-08-02T01:25:37.818561","level":"info","event":"File saved successfully to: /opt/airflow/src/pipeline/data/y_test.csv.","logger":"airflow.task.hooks.airflow.providers.standard.hooks.subprocess.SubprocessHook"}
{"timestamp":"2025-08-02T01:25:37.818692","level":"info","event":"Accuracy: 0.7207792207792207","logger":"airflow.task.hooks.airflow.providers.standard.hooks.subprocess.SubprocessHook"}
{"timestamp":"2025-08-02T01:25:37.818799","level":"info","event":"Classification Report:","logger":"airflow.task.hooks.airflow.providers.standard.hooks.subprocess.SubprocessHook"}
{"timestamp":"2025-08-02T01:25:37.818859","level":"info","event":"              precision    recall  f1-score   support","logger":"airflow.task.hooks.airflow.providers.standard.hooks.subprocess.SubprocessHook"}
{"timestamp":"2025-08-02T01:25:37.819215","level":"info","event":"","logger":"airflow.task.hooks.airflow.providers.standard.hooks.subprocess.SubprocessHook"}
{"timestamp":"2025-08-02T01:25:37.819286","level":"info","event":"           0       0.76      0.83      0.80       101","logger":"airflow.task.hooks.airflow.providers.standard.hooks.subprocess.SubprocessHook"}
{"timestamp":"2025-08-02T01:25:37.819467","level":"info","event":"           1       0.61      0.51      0.56        53","logger":"airflow.task.hooks.airflow.providers.standard.hooks.subprocess.SubprocessHook"}
{"timestamp":"2025-08-02T01:25:37.819572","level":"info","event":"","logger":"airflow.task.hooks.airflow.providers.standard.hooks.subprocess.SubprocessHook"}
{"timestamp":"2025-08-02T01:25:37.819777","level":"info","event":"    accuracy                           0.72       154","logger":"airflow.task.hooks.airflow.providers.standard.hooks.subprocess.SubprocessHook"}
{"timestamp":"2025-08-02T01:25:37.819933","level":"info","event":"   macro avg       0.69      0.67      0.68       154","logger":"airflow.task.hooks.airflow.providers.standard.hooks.subprocess.SubprocessHook"}
{"timestamp":"2025-08-02T01:25:37.819954","level":"info","event":"weighted avg       0.71      0.72      0.71       154","logger":"airflow.task.hooks.airflow.providers.standard.hooks.subprocess.SubprocessHook"}
{"timestamp":"2025-08-02T01:25:37.820075","level":"info","event":"","logger":"airflow.task.hooks.airflow.providers.standard.hooks.subprocess.SubprocessHook"}
{"timestamp":"2025-08-02T01:25:37.820144","level":"info","event":"b0f0ab6f9be74eb3acd83cc4480e4cca","logger":"airflow.task.hooks.airflow.providers.standard.hooks.subprocess.SubprocessHook"}
{"timestamp":"2025-08-02T01:25:37.820307","level":"info","event":"🏃 View run orderly-hound-170 at: http://host.docker.internal:5001/#/experiments/1/runs/b0f0ab6f9be74eb3acd83cc4480e4cca","logger":"airflow.task.hooks.airflow.providers.standard.hooks.subprocess.SubprocessHook"}
{"timestamp":"2025-08-02T01:25:37.820579","level":"info","event":"🧪 View experiment at: http://host.docker.internal:5001/#/experiments/1","logger":"airflow.task.hooks.airflow.providers.standard.hooks.subprocess.SubprocessHook"}
{"timestamp":"2025-08-02T01:25:38.168810","level":"info","event":"Command exited with return code 0","logger":"airflow.task.hooks.airflow.providers.standard.hooks.subprocess.SubprocessHook"}
{"timestamp":"2025-08-02T01:25:38.173948","level":"info","event":"Pushing xcom","ti":"RuntimeTaskInstance(id=UUID('01986861-49c1-795f-b30a-6a3a5dd75aea'), task_id='training_task', dag_id='training_ml', run_id='scheduled__2025-08-02T00:00:00+00:00', try_number=1, map_index=-1, hostname='13f2fc2535c3', context_carrier=None, task=<Task(BashOperator): training_task>, bundle_instance=LocalDagBundle(name=dags-folder), max_tries=3, start_date=datetime.datetime(2025, 8, 2, 1, 24, 31, 820032, tzinfo=datetime.timezone.utc), end_date=None, state=<TaskInstanceState.RUNNING: 'running'>, is_mapped=False, rendered_map_index=None, log_url='http://localhost:8080/dags/training_ml/runs/scheduled__2025-08-02T00%3A00%3A00%2B00%3A00/tasks/training_task?try_number=1')","logger":"task"}
