{"timestamp":"2025-08-04T18:01:21.290043","level":"info","event":"DAG bundles loaded: dags-folder","logger":"airflow.dag_processing.bundles.manager.DagBundlesManager"}
{"timestamp":"2025-08-04T18:01:21.297227","level":"info","event":"Filling up the DagBag from /opt/airflow/dags/dag_ml_monitoring.py","logger":"airflow.models.dagbag.DagBag"}
{"timestamp":"2025-08-04T18:01:23.902726","level":"info","event":"Tmp dir root location: /tmp","logger":"airflow.task.hooks.airflow.providers.standard.hooks.subprocess.SubprocessHook"}
{"timestamp":"2025-08-04T18:01:23.904093","level":"info","event":"Running command: ['/usr/bin/bash', '-c', 'python3 /opt/airflow/src/pipeline/monitor_drift.py']","logger":"airflow.task.hooks.airflow.providers.standard.hooks.subprocess.SubprocessHook"}
{"timestamp":"2025-08-04T18:01:23.916689","level":"info","event":"Output:","logger":"airflow.task.hooks.airflow.providers.standard.hooks.subprocess.SubprocessHook"}
{"timestamp":"2025-08-04T18:01:30.394931","level":"info","event":"/opt/airflow/src/pipeline/monitor_drift.py:96: DeprecationWarning:","logger":"airflow.task.hooks.airflow.providers.standard.hooks.subprocess.SubprocessHook"}
{"timestamp":"2025-08-04T18:01:30.395799","level":"info","event":"","logger":"airflow.task.hooks.airflow.providers.standard.hooks.subprocess.SubprocessHook"}
{"timestamp":"2025-08-04T18:01:30.395934","level":"info","event":"datetime.datetime.utcnow() is deprecated and scheduled for removal in a future version. Use timezone-aware objects to represent datetimes in UTC: datetime.datetime.now(datetime.UTC).","logger":"airflow.task.hooks.airflow.providers.standard.hooks.subprocess.SubprocessHook"}
{"timestamp":"2025-08-04T18:01:30.396124","level":"info","event":"","logger":"airflow.task.hooks.airflow.providers.standard.hooks.subprocess.SubprocessHook"}
{"timestamp":"2025-08-04T18:01:30.403244","level":"info","event":"2025-08-04 18:01:30,402 - INFO - Saving report to database...","logger":"airflow.task.hooks.airflow.providers.standard.hooks.subprocess.SubprocessHook"}
{"timestamp":"2025-08-04T18:01:30.403420","level":"info","event":"2025-08-04 18:01:30,402 - INFO - Preparing database and ensuring table exists...","logger":"airflow.task.hooks.airflow.providers.standard.hooks.subprocess.SubprocessHook"}
{"timestamp":"2025-08-04T18:01:30.403509","level":"info","event":"2025-08-04 18:01:30,402 - INFO - Connecting to PostgreSQL DB...","logger":"airflow.task.hooks.airflow.providers.standard.hooks.subprocess.SubprocessHook"}
{"timestamp":"2025-08-04T18:01:30.504592","level":"info","event":"2025-08-04 18:01:30,503 - INFO - Connecting to PostgreSQL DB...","logger":"airflow.task.hooks.airflow.providers.standard.hooks.subprocess.SubprocessHook"}
{"timestamp":"2025-08-04T18:01:30.518895","level":"info","event":"2025-08-04 18:01:30,517 - INFO - Table `evidently_reports_raw` is ready.","logger":"airflow.task.hooks.airflow.providers.standard.hooks.subprocess.SubprocessHook"}
{"timestamp":"2025-08-04T18:01:30.519008","level":"info","event":"2025-08-04 18:01:30,518 - INFO - Connecting to PostgreSQL DB...","logger":"airflow.task.hooks.airflow.providers.standard.hooks.subprocess.SubprocessHook"}
{"timestamp":"2025-08-04T18:01:30.567505","level":"info","event":"2025-08-04 18:01:30,565 - INFO - Connecting to PostgreSQL DB...","logger":"airflow.task.hooks.airflow.providers.standard.hooks.subprocess.SubprocessHook"}
{"timestamp":"2025-08-04T18:01:30.623887","level":"info","event":"2025-08-04 18:01:30,623 - INFO - Report successfully inserted into the database.","logger":"airflow.task.hooks.airflow.providers.standard.hooks.subprocess.SubprocessHook"}
{"timestamp":"2025-08-04T18:01:30.628594","level":"info","event":"                                 id  ...                  timestamp","logger":"airflow.task.hooks.airflow.providers.standard.hooks.subprocess.SubprocessHook"}
{"timestamp":"2025-08-04T18:01:30.628873","level":"info","event":"0  4be9c95ae27850bc8b787993119210c2  ... 2025-08-04 18:01:30.386034","logger":"airflow.task.hooks.airflow.providers.standard.hooks.subprocess.SubprocessHook"}
{"timestamp":"2025-08-04T18:01:30.629117","level":"info","event":"1  049c27bc468185396cb787867f5199b5  ... 2025-08-04 18:01:30.386034","logger":"airflow.task.hooks.airflow.providers.standard.hooks.subprocess.SubprocessHook"}
{"timestamp":"2025-08-04T18:01:30.629243","level":"info","event":"2  075aa40179baf93c90e71020d9236562  ... 2025-08-04 18:01:30.386034","logger":"airflow.task.hooks.airflow.providers.standard.hooks.subprocess.SubprocessHook"}
{"timestamp":"2025-08-04T18:01:30.629404","level":"info","event":"3  e5db9a8c42c37ff7250dcaf3ccc53721  ... 2025-08-04 18:01:30.386034","logger":"airflow.task.hooks.airflow.providers.standard.hooks.subprocess.SubprocessHook"}
{"timestamp":"2025-08-04T18:01:30.629582","level":"info","event":"4  933d7b59ea3e72d172859b0809e40122  ... 2025-08-04 18:01:30.386034","logger":"airflow.task.hooks.airflow.providers.standard.hooks.subprocess.SubprocessHook"}
{"timestamp":"2025-08-04T18:01:30.629773","level":"info","event":"","logger":"airflow.task.hooks.airflow.providers.standard.hooks.subprocess.SubprocessHook"}
{"timestamp":"2025-08-04T18:01:30.629900","level":"info","event":"[5 rows x 4 columns]","logger":"airflow.task.hooks.airflow.providers.standard.hooks.subprocess.SubprocessHook"}
{"timestamp":"2025-08-04T18:01:30.630576","level":"info","event":"{\"drift_detected\": true}","logger":"airflow.task.hooks.airflow.providers.standard.hooks.subprocess.SubprocessHook"}
{"timestamp":"2025-08-04T18:01:31.336869","level":"info","event":"Command exited with return code 0","logger":"airflow.task.hooks.airflow.providers.standard.hooks.subprocess.SubprocessHook"}
{"timestamp":"2025-08-04T18:01:31.344316","level":"info","event":"Pushing xcom","ti":"RuntimeTaskInstance(id=UUID('0198763e-b427-70be-89b6-4f63fb4ea377'), task_id='detect_drift', dag_id='drift_detection_dag', run_id='scheduled__2025-08-04T18:00:00+00:00', try_number=1, map_index=-1, hostname='55e626d89016', context_carrier=None, task=<Task(BashOperator): detect_drift>, bundle_instance=LocalDagBundle(name=dags-folder), max_tries=3, start_date=datetime.datetime(2025, 8, 4, 18, 1, 20, 854749, tzinfo=datetime.timezone.utc), end_date=None, state=<TaskInstanceState.RUNNING: 'running'>, is_mapped=False, rendered_map_index=None, log_url='http://localhost:8080/dags/drift_detection_dag/runs/scheduled__2025-08-04T18%3A00%3A00%2B00%3A00/tasks/detect_drift?try_number=1')","logger":"task"}
