{"timestamp":"2025-08-04T14:24:03.977264","level":"info","event":"DAG bundles loaded: dags-folder","logger":"airflow.dag_processing.bundles.manager.DagBundlesManager"}
{"timestamp":"2025-08-04T14:24:03.978432","level":"info","event":"Filling up the DagBag from /opt/airflow/dags/dag_ml_monitoring.py","logger":"airflow.models.dagbag.DagBag"}
{"timestamp":"2025-08-04T14:24:06.091851","level":"info","event":"Tmp dir root location: /tmp","logger":"airflow.task.hooks.airflow.providers.standard.hooks.subprocess.SubprocessHook"}
{"timestamp":"2025-08-04T14:24:06.094308","level":"info","event":"Running command: ['/usr/bin/bash', '-c', 'python3 /opt/airflow/src/pipeline/monitor_drift.py']","logger":"airflow.task.hooks.airflow.providers.standard.hooks.subprocess.SubprocessHook"}
{"timestamp":"2025-08-04T14:24:06.118496","level":"info","event":"Output:","logger":"airflow.task.hooks.airflow.providers.standard.hooks.subprocess.SubprocessHook"}
{"timestamp":"2025-08-04T14:24:10.305040","level":"info","event":"/opt/airflow/src/pipeline/monitor_drift.py:96: DeprecationWarning:","logger":"airflow.task.hooks.airflow.providers.standard.hooks.subprocess.SubprocessHook"}
{"timestamp":"2025-08-04T14:24:10.305916","level":"info","event":"","logger":"airflow.task.hooks.airflow.providers.standard.hooks.subprocess.SubprocessHook"}
{"timestamp":"2025-08-04T14:24:10.306026","level":"info","event":"datetime.datetime.utcnow() is deprecated and scheduled for removal in a future version. Use timezone-aware objects to represent datetimes in UTC: datetime.datetime.now(datetime.UTC).","logger":"airflow.task.hooks.airflow.providers.standard.hooks.subprocess.SubprocessHook"}
{"timestamp":"2025-08-04T14:24:10.306199","level":"info","event":"","logger":"airflow.task.hooks.airflow.providers.standard.hooks.subprocess.SubprocessHook"}
{"timestamp":"2025-08-04T14:24:10.308192","level":"info","event":"2025-08-04 14:24:10,307 - INFO - Saving report to database...","logger":"airflow.task.hooks.airflow.providers.standard.hooks.subprocess.SubprocessHook"}
{"timestamp":"2025-08-04T14:24:10.308329","level":"info","event":"2025-08-04 14:24:10,308 - INFO - Preparing database and ensuring table exists...","logger":"airflow.task.hooks.airflow.providers.standard.hooks.subprocess.SubprocessHook"}
{"timestamp":"2025-08-04T14:24:10.308401","level":"info","event":"2025-08-04 14:24:10,308 - INFO - Connecting to PostgreSQL DB...","logger":"airflow.task.hooks.airflow.providers.standard.hooks.subprocess.SubprocessHook"}
{"timestamp":"2025-08-04T14:24:10.351189","level":"info","event":"2025-08-04 14:24:10,350 - INFO - Connecting to PostgreSQL DB...","logger":"airflow.task.hooks.airflow.providers.standard.hooks.subprocess.SubprocessHook"}
{"timestamp":"2025-08-04T14:24:10.355972","level":"info","event":"2025-08-04 14:24:10,355 - INFO - Table `evidently_reports_raw` is ready.","logger":"airflow.task.hooks.airflow.providers.standard.hooks.subprocess.SubprocessHook"}
{"timestamp":"2025-08-04T14:24:10.356223","level":"info","event":"2025-08-04 14:24:10,355 - INFO - Connecting to PostgreSQL DB...","logger":"airflow.task.hooks.airflow.providers.standard.hooks.subprocess.SubprocessHook"}
{"timestamp":"2025-08-04T14:24:10.377306","level":"info","event":"2025-08-04 14:24:10,376 - INFO - Connecting to PostgreSQL DB...","logger":"airflow.task.hooks.airflow.providers.standard.hooks.subprocess.SubprocessHook"}
{"timestamp":"2025-08-04T14:24:10.392260","level":"info","event":"2025-08-04 14:24:10,391 - INFO - Report successfully inserted into the database.","logger":"airflow.task.hooks.airflow.providers.standard.hooks.subprocess.SubprocessHook"}
{"timestamp":"2025-08-04T14:24:10.393606","level":"info","event":"                                 id  ...                  timestamp","logger":"airflow.task.hooks.airflow.providers.standard.hooks.subprocess.SubprocessHook"}
{"timestamp":"2025-08-04T14:24:10.393688","level":"info","event":"0  4be9c95ae27850bc8b787993119210c2  ... 2025-08-04 14:24:10.302701","logger":"airflow.task.hooks.airflow.providers.standard.hooks.subprocess.SubprocessHook"}
{"timestamp":"2025-08-04T14:24:10.393766","level":"info","event":"1  049c27bc468185396cb787867f5199b5  ... 2025-08-04 14:24:10.302701","logger":"airflow.task.hooks.airflow.providers.standard.hooks.subprocess.SubprocessHook"}
{"timestamp":"2025-08-04T14:24:10.393834","level":"info","event":"2  075aa40179baf93c90e71020d9236562  ... 2025-08-04 14:24:10.302701","logger":"airflow.task.hooks.airflow.providers.standard.hooks.subprocess.SubprocessHook"}
{"timestamp":"2025-08-04T14:24:10.393931","level":"info","event":"3  e5db9a8c42c37ff7250dcaf3ccc53721  ... 2025-08-04 14:24:10.302701","logger":"airflow.task.hooks.airflow.providers.standard.hooks.subprocess.SubprocessHook"}
{"timestamp":"2025-08-04T14:24:10.394010","level":"info","event":"4  933d7b59ea3e72d172859b0809e40122  ... 2025-08-04 14:24:10.302701","logger":"airflow.task.hooks.airflow.providers.standard.hooks.subprocess.SubprocessHook"}
{"timestamp":"2025-08-04T14:24:10.394058","level":"info","event":"","logger":"airflow.task.hooks.airflow.providers.standard.hooks.subprocess.SubprocessHook"}
{"timestamp":"2025-08-04T14:24:10.394104","level":"info","event":"[5 rows x 4 columns]","logger":"airflow.task.hooks.airflow.providers.standard.hooks.subprocess.SubprocessHook"}
{"timestamp":"2025-08-04T14:24:10.394160","level":"info","event":"{\"drift_detected\": true}","logger":"airflow.task.hooks.airflow.providers.standard.hooks.subprocess.SubprocessHook"}
{"timestamp":"2025-08-04T14:24:10.873479","level":"info","event":"Command exited with return code 0","logger":"airflow.task.hooks.airflow.providers.standard.hooks.subprocess.SubprocessHook"}
{"timestamp":"2025-08-04T14:24:10.878545","level":"info","event":"Pushing xcom","ti":"RuntimeTaskInstance(id=UUID('01987577-cf84-728a-bf1c-da78533c2cd3'), task_id='detect_drift', dag_id='drift_detection_dag', run_id='scheduled__2025-08-04T13:00:00+00:00', try_number=1, map_index=-1, hostname='55e626d89016', context_carrier=None, task=<Task(BashOperator): detect_drift>, bundle_instance=LocalDagBundle(name=dags-folder), max_tries=3, start_date=datetime.datetime(2025, 8, 4, 14, 24, 3, 641691, tzinfo=datetime.timezone.utc), end_date=None, state=<TaskInstanceState.RUNNING: 'running'>, is_mapped=False, rendered_map_index=None, log_url='http://localhost:8080/dags/drift_detection_dag/runs/scheduled__2025-08-04T13%3A00%3A00%2B00%3A00/tasks/detect_drift?try_number=1')","logger":"task"}
