{"timestamp":"2025-08-03T01:02:50.393817","level":"info","event":"DAG bundles loaded: dags-folder","logger":"airflow.dag_processing.bundles.manager.DagBundlesManager"}
{"timestamp":"2025-08-03T01:02:50.394827","level":"info","event":"Filling up the DagBag from /opt/airflow/dags/dag_generate_drift.py","logger":"airflow.models.dagbag.DagBag"}
{"timestamp":"2025-08-03T01:02:50.446912","level":"info","event":"Tmp dir root location: /tmp","logger":"airflow.task.hooks.airflow.providers.standard.hooks.subprocess.SubprocessHook"}
{"timestamp":"2025-08-03T01:02:50.448672","level":"info","event":"Running command: ['/usr/bin/bash', '-c', 'python3 /opt/airflow/src/pipeline/generate_drift.py']","logger":"airflow.task.hooks.airflow.providers.standard.hooks.subprocess.SubprocessHook"}
{"timestamp":"2025-08-03T01:02:50.459730","level":"info","event":"Output:","logger":"airflow.task.hooks.airflow.providers.standard.hooks.subprocess.SubprocessHook"}
{"timestamp":"2025-08-03T01:02:51.403053","level":"info","event":"Traceback (most recent call last):","logger":"airflow.task.hooks.airflow.providers.standard.hooks.subprocess.SubprocessHook"}
{"timestamp":"2025-08-03T01:02:51.403154","level":"info","event":"  File \"/opt/airflow/src/pipeline/generate_drift.py\", line 41, in <module>","logger":"airflow.task.hooks.airflow.providers.standard.hooks.subprocess.SubprocessHook"}
{"timestamp":"2025-08-03T01:02:51.403435","level":"info","event":"    df_save_to_csv(drifted_data, parent_path, 'new_data.csv')","logger":"airflow.task.hooks.airflow.providers.standard.hooks.subprocess.SubprocessHook"}
{"timestamp":"2025-08-03T01:02:51.403518","level":"info","event":"  File \"/opt/airflow/src/utils/dir.py\", line 12, in df_save_to_csv","logger":"airflow.task.hooks.airflow.providers.standard.hooks.subprocess.SubprocessHook"}
{"timestamp":"2025-08-03T01:02:51.403977","level":"info","event":"    df.to_csv(f'{path}', index=False)","logger":"airflow.task.hooks.airflow.providers.standard.hooks.subprocess.SubprocessHook"}
{"timestamp":"2025-08-03T01:02:51.404022","level":"info","event":"  File \"/home/airflow/.local/lib/python3.12/site-packages/pandas/util/_decorators.py\", line 333, in wrapper","logger":"airflow.task.hooks.airflow.providers.standard.hooks.subprocess.SubprocessHook"}
{"timestamp":"2025-08-03T01:02:51.404113","level":"info","event":"    return func(*args, **kwargs)","logger":"airflow.task.hooks.airflow.providers.standard.hooks.subprocess.SubprocessHook"}
{"timestamp":"2025-08-03T01:02:51.404164","level":"info","event":"           ^^^^^^^^^^^^^^^^^^^^^","logger":"airflow.task.hooks.airflow.providers.standard.hooks.subprocess.SubprocessHook"}
{"timestamp":"2025-08-03T01:02:51.404204","level":"info","event":"  File \"/home/airflow/.local/lib/python3.12/site-packages/pandas/core/generic.py\", line 3967, in to_csv","logger":"airflow.task.hooks.airflow.providers.standard.hooks.subprocess.SubprocessHook"}
{"timestamp":"2025-08-03T01:02:51.405599","level":"info","event":"    return DataFrameRenderer(formatter).to_csv(","logger":"airflow.task.hooks.airflow.providers.standard.hooks.subprocess.SubprocessHook"}
{"timestamp":"2025-08-03T01:02:51.405668","level":"info","event":"           ^^^^^^^^^^^^^^^^^^^^^^^^^^^^^^^^^^^^","logger":"airflow.task.hooks.airflow.providers.standard.hooks.subprocess.SubprocessHook"}
{"timestamp":"2025-08-03T01:02:51.405693","level":"info","event":"  File \"/home/airflow/.local/lib/python3.12/site-packages/pandas/io/formats/format.py\", line 1014, in to_csv","logger":"airflow.task.hooks.airflow.providers.standard.hooks.subprocess.SubprocessHook"}
{"timestamp":"2025-08-03T01:02:51.405783","level":"info","event":"    csv_formatter.save()","logger":"airflow.task.hooks.airflow.providers.standard.hooks.subprocess.SubprocessHook"}
{"timestamp":"2025-08-03T01:02:51.405822","level":"info","event":"  File \"/home/airflow/.local/lib/python3.12/site-packages/pandas/io/formats/csvs.py\", line 251, in save","logger":"airflow.task.hooks.airflow.providers.standard.hooks.subprocess.SubprocessHook"}
{"timestamp":"2025-08-03T01:02:51.406393","level":"info","event":"    with get_handle(","logger":"airflow.task.hooks.airflow.providers.standard.hooks.subprocess.SubprocessHook"}
{"timestamp":"2025-08-03T01:02:51.406443","level":"info","event":"         ^^^^^^^^^^^","logger":"airflow.task.hooks.airflow.providers.standard.hooks.subprocess.SubprocessHook"}
{"timestamp":"2025-08-03T01:02:51.406466","level":"info","event":"  File \"/home/airflow/.local/lib/python3.12/site-packages/pandas/io/common.py\", line 749, in get_handle","logger":"airflow.task.hooks.airflow.providers.standard.hooks.subprocess.SubprocessHook"}
{"timestamp":"2025-08-03T01:02:51.406581","level":"info","event":"    check_parent_directory(str(handle))","logger":"airflow.task.hooks.airflow.providers.standard.hooks.subprocess.SubprocessHook"}
{"timestamp":"2025-08-03T01:02:51.406642","level":"info","event":"  File \"/home/airflow/.local/lib/python3.12/site-packages/pandas/io/common.py\", line 616, in check_parent_directory","logger":"airflow.task.hooks.airflow.providers.standard.hooks.subprocess.SubprocessHook"}
{"timestamp":"2025-08-03T01:02:51.406670","level":"info","event":"    raise OSError(rf\"Cannot save file into a non-existent directory: '{parent}'\")","logger":"airflow.task.hooks.airflow.providers.standard.hooks.subprocess.SubprocessHook"}
{"timestamp":"2025-08-03T01:02:51.406714","level":"info","event":"OSError: Cannot save file into a non-existent directory: '/opt/airflow/src/pipeline/opt/airflow/src/pipeline/data'","logger":"airflow.task.hooks.airflow.providers.standard.hooks.subprocess.SubprocessHook"}
{"timestamp":"2025-08-03T01:02:51.506990","level":"info","event":"Command exited with return code 1","logger":"airflow.task.hooks.airflow.providers.standard.hooks.subprocess.SubprocessHook"}
{"timestamp":"2025-08-03T01:02:51.508002","level":"error","event":"Task failed with exception","logger":"task","error_detail":[{"exc_type":"AirflowException","exc_value":"Bash command failed. The command returned a non-zero exit code 1.","exc_notes":[],"syntax_error":null,"is_cause":false,"frames":[{"filename":"/home/airflow/.local/lib/python3.12/site-packages/airflow/sdk/execution_time/task_runner.py","lineno":877,"name":"run"},{"filename":"/home/airflow/.local/lib/python3.12/site-packages/airflow/sdk/execution_time/task_runner.py","lineno":1164,"name":"_execute_task"},{"filename":"/home/airflow/.local/lib/python3.12/site-packages/airflow/sdk/bases/operator.py","lineno":397,"name":"wrapper"},{"filename":"/home/airflow/.local/lib/python3.12/site-packages/airflow/providers/standard/operators/bash.py","lineno":232,"name":"execute"}],"is_group":false,"exceptions":[]}]}
