{"timestamp":"2025-08-04T08:23:45.754334","level":"info","event":"DAG bundles loaded: dags-folder","logger":"airflow.dag_processing.bundles.manager.DagBundlesManager"}
{"timestamp":"2025-08-04T08:23:45.755174","level":"info","event":"Filling up the DagBag from /opt/airflow/dags/dag_ml_monitoring.py","logger":"airflow.models.dagbag.DagBag"}
{"timestamp":"2025-08-04T08:23:47.072990","level":"info","event":"Tmp dir root location: /tmp","logger":"airflow.task.hooks.airflow.providers.standard.hooks.subprocess.SubprocessHook"}
{"timestamp":"2025-08-04T08:23:47.075326","level":"info","event":"Running command: ['/usr/bin/bash', '-c', 'python3 /opt/airflow/src/pipeline/monitor_drift.py']","logger":"airflow.task.hooks.airflow.providers.standard.hooks.subprocess.SubprocessHook"}
{"timestamp":"2025-08-04T08:23:47.110840","level":"info","event":"Output:","logger":"airflow.task.hooks.airflow.providers.standard.hooks.subprocess.SubprocessHook"}
{"timestamp":"2025-08-04T08:23:50.473067","level":"info","event":"/opt/airflow/src/pipeline/monitor_drift.py:96: DeprecationWarning:","logger":"airflow.task.hooks.airflow.providers.standard.hooks.subprocess.SubprocessHook"}
{"timestamp":"2025-08-04T08:23:50.473954","level":"info","event":"","logger":"airflow.task.hooks.airflow.providers.standard.hooks.subprocess.SubprocessHook"}
{"timestamp":"2025-08-04T08:23:50.474087","level":"info","event":"datetime.datetime.utcnow() is deprecated and scheduled for removal in a future version. Use timezone-aware objects to represent datetimes in UTC: datetime.datetime.now(datetime.UTC).","logger":"airflow.task.hooks.airflow.providers.standard.hooks.subprocess.SubprocessHook"}
{"timestamp":"2025-08-04T08:23:50.474166","level":"info","event":"","logger":"airflow.task.hooks.airflow.providers.standard.hooks.subprocess.SubprocessHook"}
{"timestamp":"2025-08-04T08:23:50.476465","level":"info","event":"2025-08-04 08:23:50,476 - INFO - Saving report to database...","logger":"airflow.task.hooks.airflow.providers.standard.hooks.subprocess.SubprocessHook"}
{"timestamp":"2025-08-04T08:23:50.476549","level":"info","event":"2025-08-04 08:23:50,476 - INFO - Preparing database and ensuring table exists...","logger":"airflow.task.hooks.airflow.providers.standard.hooks.subprocess.SubprocessHook"}
{"timestamp":"2025-08-04T08:23:50.476637","level":"info","event":"2025-08-04 08:23:50,476 - INFO - Connecting to PostgreSQL DB...","logger":"airflow.task.hooks.airflow.providers.standard.hooks.subprocess.SubprocessHook"}
{"timestamp":"2025-08-04T08:23:50.510604","level":"info","event":"2025-08-04 08:23:50,510 - INFO - Connecting to PostgreSQL DB...","logger":"airflow.task.hooks.airflow.providers.standard.hooks.subprocess.SubprocessHook"}
{"timestamp":"2025-08-04T08:23:50.512903","level":"info","event":"2025-08-04 08:23:50,512 - INFO - Table `evidently_reports_raw` is ready.","logger":"airflow.task.hooks.airflow.providers.standard.hooks.subprocess.SubprocessHook"}
{"timestamp":"2025-08-04T08:23:50.513034","level":"info","event":"2025-08-04 08:23:50,512 - INFO - Connecting to PostgreSQL DB...","logger":"airflow.task.hooks.airflow.providers.standard.hooks.subprocess.SubprocessHook"}
{"timestamp":"2025-08-04T08:23:50.527815","level":"info","event":"2025-08-04 08:23:50,527 - INFO - Connecting to PostgreSQL DB...","logger":"airflow.task.hooks.airflow.providers.standard.hooks.subprocess.SubprocessHook"}
{"timestamp":"2025-08-04T08:23:50.541478","level":"info","event":"2025-08-04 08:23:50,541 - INFO - Report successfully inserted into the database.","logger":"airflow.task.hooks.airflow.providers.standard.hooks.subprocess.SubprocessHook"}
{"timestamp":"2025-08-04T08:23:50.543337","level":"info","event":"                                 id  ...                  timestamp","logger":"airflow.task.hooks.airflow.providers.standard.hooks.subprocess.SubprocessHook"}
{"timestamp":"2025-08-04T08:23:50.543450","level":"info","event":"0  4be9c95ae27850bc8b787993119210c2  ... 2025-08-04 08:23:50.471008","logger":"airflow.task.hooks.airflow.providers.standard.hooks.subprocess.SubprocessHook"}
{"timestamp":"2025-08-04T08:23:50.543500","level":"info","event":"1  049c27bc468185396cb787867f5199b5  ... 2025-08-04 08:23:50.471008","logger":"airflow.task.hooks.airflow.providers.standard.hooks.subprocess.SubprocessHook"}
{"timestamp":"2025-08-04T08:23:50.543560","level":"info","event":"2  075aa40179baf93c90e71020d9236562  ... 2025-08-04 08:23:50.471008","logger":"airflow.task.hooks.airflow.providers.standard.hooks.subprocess.SubprocessHook"}
{"timestamp":"2025-08-04T08:23:50.543582","level":"info","event":"3  e5db9a8c42c37ff7250dcaf3ccc53721  ... 2025-08-04 08:23:50.471008","logger":"airflow.task.hooks.airflow.providers.standard.hooks.subprocess.SubprocessHook"}
{"timestamp":"2025-08-04T08:23:50.543629","level":"info","event":"4  933d7b59ea3e72d172859b0809e40122  ... 2025-08-04 08:23:50.471008","logger":"airflow.task.hooks.airflow.providers.standard.hooks.subprocess.SubprocessHook"}
{"timestamp":"2025-08-04T08:23:50.543668","level":"info","event":"","logger":"airflow.task.hooks.airflow.providers.standard.hooks.subprocess.SubprocessHook"}
{"timestamp":"2025-08-04T08:23:50.543709","level":"info","event":"[5 rows x 4 columns]","logger":"airflow.task.hooks.airflow.providers.standard.hooks.subprocess.SubprocessHook"}
{"timestamp":"2025-08-04T08:23:50.543748","level":"info","event":"{\"drift_detected\": true}","logger":"airflow.task.hooks.airflow.providers.standard.hooks.subprocess.SubprocessHook"}
{"timestamp":"2025-08-04T08:23:50.958386","level":"info","event":"Command exited with return code 0","logger":"airflow.task.hooks.airflow.providers.standard.hooks.subprocess.SubprocessHook"}
{"timestamp":"2025-08-04T08:23:50.962732","level":"info","event":"Pushing xcom","ti":"RuntimeTaskInstance(id=UUID('0198742d-f449-7b83-8034-509813d9c6e2'), task_id='detect_drift', dag_id='drift_detection_dag', run_id='scheduled__2025-08-04T08:20:00+00:00', try_number=1, map_index=-1, hostname='55e626d89016', context_carrier=None, task=<Task(BashOperator): detect_drift>, bundle_instance=LocalDagBundle(name=dags-folder), max_tries=3, start_date=datetime.datetime(2025, 8, 4, 8, 23, 45, 636669, tzinfo=datetime.timezone.utc), end_date=None, state=<TaskInstanceState.RUNNING: 'running'>, is_mapped=False, rendered_map_index=None, log_url='http://localhost:8080/dags/drift_detection_dag/runs/scheduled__2025-08-04T08%3A20%3A00%2B00%3A00/tasks/detect_drift?try_number=1')","logger":"task"}
