{"timestamp":"2025-08-04T12:57:00.577106","level":"info","event":"DAG bundles loaded: dags-folder","logger":"airflow.dag_processing.bundles.manager.DagBundlesManager"}
{"timestamp":"2025-08-04T12:57:00.578237","level":"info","event":"Filling up the DagBag from /opt/airflow/dags/dag_ml_monitoring.py","logger":"airflow.models.dagbag.DagBag"}
{"timestamp":"2025-08-04T12:57:02.158079","level":"info","event":"Tmp dir root location: /tmp","logger":"airflow.task.hooks.airflow.providers.standard.hooks.subprocess.SubprocessHook"}
{"timestamp":"2025-08-04T12:57:02.159046","level":"info","event":"Running command: ['/usr/bin/bash', '-c', 'python3 /opt/airflow/src/pipeline/monitor_drift.py']","logger":"airflow.task.hooks.airflow.providers.standard.hooks.subprocess.SubprocessHook"}
{"timestamp":"2025-08-04T12:57:02.176721","level":"info","event":"Output:","logger":"airflow.task.hooks.airflow.providers.standard.hooks.subprocess.SubprocessHook"}
{"timestamp":"2025-08-04T12:57:06.644272","level":"info","event":"/opt/airflow/src/pipeline/monitor_drift.py:96: DeprecationWarning:","logger":"airflow.task.hooks.airflow.providers.standard.hooks.subprocess.SubprocessHook"}
{"timestamp":"2025-08-04T12:57:06.645581","level":"info","event":"","logger":"airflow.task.hooks.airflow.providers.standard.hooks.subprocess.SubprocessHook"}
{"timestamp":"2025-08-04T12:57:06.645784","level":"info","event":"datetime.datetime.utcnow() is deprecated and scheduled for removal in a future version. Use timezone-aware objects to represent datetimes in UTC: datetime.datetime.now(datetime.UTC).","logger":"airflow.task.hooks.airflow.providers.standard.hooks.subprocess.SubprocessHook"}
{"timestamp":"2025-08-04T12:57:06.646094","level":"info","event":"","logger":"airflow.task.hooks.airflow.providers.standard.hooks.subprocess.SubprocessHook"}
{"timestamp":"2025-08-04T12:57:06.647147","level":"info","event":"2025-08-04 12:57:06,646 - INFO - Saving report to database...","logger":"airflow.task.hooks.airflow.providers.standard.hooks.subprocess.SubprocessHook"}
{"timestamp":"2025-08-04T12:57:06.647295","level":"info","event":"2025-08-04 12:57:06,646 - INFO - Preparing database and ensuring table exists...","logger":"airflow.task.hooks.airflow.providers.standard.hooks.subprocess.SubprocessHook"}
{"timestamp":"2025-08-04T12:57:06.647373","level":"info","event":"2025-08-04 12:57:06,647 - INFO - Connecting to PostgreSQL DB...","logger":"airflow.task.hooks.airflow.providers.standard.hooks.subprocess.SubprocessHook"}
{"timestamp":"2025-08-04T12:57:06.675236","level":"info","event":"2025-08-04 12:57:06,675 - INFO - Connecting to PostgreSQL DB...","logger":"airflow.task.hooks.airflow.providers.standard.hooks.subprocess.SubprocessHook"}
{"timestamp":"2025-08-04T12:57:06.676509","level":"info","event":"2025-08-04 12:57:06,676 - INFO - Table `evidently_reports_raw` is ready.","logger":"airflow.task.hooks.airflow.providers.standard.hooks.subprocess.SubprocessHook"}
{"timestamp":"2025-08-04T12:57:06.676630","level":"info","event":"2025-08-04 12:57:06,676 - INFO - Connecting to PostgreSQL DB...","logger":"airflow.task.hooks.airflow.providers.standard.hooks.subprocess.SubprocessHook"}
{"timestamp":"2025-08-04T12:57:06.697760","level":"info","event":"2025-08-04 12:57:06,697 - INFO - Connecting to PostgreSQL DB...","logger":"airflow.task.hooks.airflow.providers.standard.hooks.subprocess.SubprocessHook"}
{"timestamp":"2025-08-04T12:57:06.715299","level":"info","event":"2025-08-04 12:57:06,714 - INFO - Report successfully inserted into the database.","logger":"airflow.task.hooks.airflow.providers.standard.hooks.subprocess.SubprocessHook"}
{"timestamp":"2025-08-04T12:57:06.716716","level":"info","event":"                                 id  ...                  timestamp","logger":"airflow.task.hooks.airflow.providers.standard.hooks.subprocess.SubprocessHook"}
{"timestamp":"2025-08-04T12:57:06.716832","level":"info","event":"0  4be9c95ae27850bc8b787993119210c2  ... 2025-08-04 12:57:06.641287","logger":"airflow.task.hooks.airflow.providers.standard.hooks.subprocess.SubprocessHook"}
{"timestamp":"2025-08-04T12:57:06.716899","level":"info","event":"1  049c27bc468185396cb787867f5199b5  ... 2025-08-04 12:57:06.641287","logger":"airflow.task.hooks.airflow.providers.standard.hooks.subprocess.SubprocessHook"}
{"timestamp":"2025-08-04T12:57:06.716966","level":"info","event":"2  075aa40179baf93c90e71020d9236562  ... 2025-08-04 12:57:06.641287","logger":"airflow.task.hooks.airflow.providers.standard.hooks.subprocess.SubprocessHook"}
{"timestamp":"2025-08-04T12:57:06.717013","level":"info","event":"3  e5db9a8c42c37ff7250dcaf3ccc53721  ... 2025-08-04 12:57:06.641287","logger":"airflow.task.hooks.airflow.providers.standard.hooks.subprocess.SubprocessHook"}
{"timestamp":"2025-08-04T12:57:06.717060","level":"info","event":"4  933d7b59ea3e72d172859b0809e40122  ... 2025-08-04 12:57:06.641287","logger":"airflow.task.hooks.airflow.providers.standard.hooks.subprocess.SubprocessHook"}
{"timestamp":"2025-08-04T12:57:06.717099","level":"info","event":"","logger":"airflow.task.hooks.airflow.providers.standard.hooks.subprocess.SubprocessHook"}
{"timestamp":"2025-08-04T12:57:06.717122","level":"info","event":"[5 rows x 4 columns]","logger":"airflow.task.hooks.airflow.providers.standard.hooks.subprocess.SubprocessHook"}
{"timestamp":"2025-08-04T12:57:06.717192","level":"info","event":"{\"drift_detected\": true}","logger":"airflow.task.hooks.airflow.providers.standard.hooks.subprocess.SubprocessHook"}
{"timestamp":"2025-08-04T12:57:07.197687","level":"info","event":"Command exited with return code 0","logger":"airflow.task.hooks.airflow.providers.standard.hooks.subprocess.SubprocessHook"}
{"timestamp":"2025-08-04T12:57:07.202454","level":"info","event":"Pushing xcom","ti":"RuntimeTaskInstance(id=UUID('01987528-1dd2-7f3a-b75f-1ff6a9bc098e'), task_id='detect_drift', dag_id='drift_detection_dag', run_id='scheduled__2025-08-04T12:51:00+00:00', try_number=1, map_index=-1, hostname='55e626d89016', context_carrier=None, task=<Task(BashOperator): detect_drift>, bundle_instance=LocalDagBundle(name=dags-folder), max_tries=3, start_date=datetime.datetime(2025, 8, 4, 12, 57, 0, 272992, tzinfo=datetime.timezone.utc), end_date=None, state=<TaskInstanceState.RUNNING: 'running'>, is_mapped=False, rendered_map_index=None, log_url='http://localhost:8080/dags/drift_detection_dag/runs/scheduled__2025-08-04T12%3A51%3A00%2B00%3A00/tasks/detect_drift?try_number=1')","logger":"task"}
